Run entrypoint.sh
Will download drone-ssh-1.8.0-linux-amd64 from https://github.com/appleboy/drone-ssh/releases/download/v1.8.0
======= CLI Version =======
Drone SSH version 1.8.0
===========================
+ DRONE_SSH_PREV_COMMAND_EXIT_CODE=0
+ '[' 0 -ne 0 ']'
+ command -v docker
+ DRONE_SSH_PREV_COMMAND_EXIT_CODE=0
docker-compose is available.
+ '[' 0 -ne 0 ']'
+ DRONE_SSH_PREV_COMMAND_EXIT_CODE=0
+ '[' 0 -ne 0 ']'
+ ensure_compose
+ DRONE_SSH_PREV_COMMAND_EXIT_CODE=0
+ '[' 0 -ne 0 ']'
+ command -v docker-compose
+ DRONE_SSH_PREV_COMMAND_EXIT_CODE=0
+ '[' 0 -ne 0 ']'
+ return 0
+ DRONE_SSH_PREV_COMMAND_EXIT_CODE=0
+ '[' 0 -ne 0 ']'
+ echo 'docker-compose is available.'
+ DRONE_SSH_PREV_COMMAND_EXIT_CODE=0
+ '[' 0 -ne 0 ']'
+ APP_DIR=
+ DRONE_SSH_PREV_COMMAND_EXIT_CODE=0
+ '[' 0 -ne 0 ']'
+ for CANDIDATE_DIR in "/opt/***" "${HOME:-}/***" "/tmp/***"
+ DRONE_SSH_PREV_COMMAND_EXIT_CODE=0
+ '[' 0 -ne 0 ']'
+ '[' -z /opt/*** ']'
+ '[' /opt/*** = /*** ']'
+ DRONE_SSH_PREV_COMMAND_EXIT_CODE=0
+ '[' 0 -ne 0 ']'
+ mkdir -p /opt/***
+ '[' -w /opt/*** ']'
+ DRONE_SSH_PREV_COMMAND_EXIT_CODE=0
+ '[' 0 -ne 0 ']'
+ APP_DIR=/opt/***
+ DRONE_SSH_PREV_COMMAND_EXIT_CODE=0
+ '[' 0 -ne 0 ']'
Using APP_DIR=/opt/***
Defining debug helper...
+ break
+ DRONE_SSH_PREV_COMMAND_EXIT_CODE=0
Debug helper ready.
+ '[' 0 -ne 0 ']'
+ '[' -z /opt/*** ']'
+ DRONE_SSH_PREV_COMMAND_EXIT_CODE=0
+ '[' 0 -ne 0 ']'
Skipping GHCR login (public images).
Writing compose file...
+ echo 'Using APP_DIR=/opt/***'
+ DRONE_SSH_PREV_COMMAND_EXIT_CODE=0
+ '[' 0 -ne 0 ']'
+ COMPOSE_FILE=/opt/***/docker-compose.staging.yml
+ DRONE_SSH_PREV_COMMAND_EXIT_CODE=0
+ '[' 0 -ne 0 ']'
+ echo 'Defining debug helper...'
+ DRONE_SSH_PREV_COMMAND_EXIT_CODE=0
+ '[' 0 -ne 0 ']'
+ DRONE_SSH_PREV_COMMAND_EXIT_CODE=0
+ '[' 0 -ne 0 ']'
+ echo 'Debug helper ready.'
+ DRONE_SSH_PREV_COMMAND_EXIT_CODE=0
+ '[' 0 -ne 0 ']'
+ echo 'Skipping GHCR login (public images).'
+ DRONE_SSH_PREV_COMMAND_EXIT_CODE=0
+ '[' 0 -ne 0 ']'
+ echo 'Writing compose file...'
+ DRONE_SSH_PREV_COMMAND_EXIT_CODE=0
+ '[' 0 -ne 0 ']'
+ DRONE_SSH_PREV_COMMAND_EXIT_CODE=0
+ '[' 0 -ne 0 ']'
+ printf '%s\n' services:
+ DRONE_SSH_PREV_COMMAND_EXIT_CODE=0
+ '[' 0 -ne 0 ']'
+ printf '%s\n' '  mysql:'
+ DRONE_SSH_PREV_COMMAND_EXIT_CODE=0
+ '[' 0 -ne 0 ']'
+ printf '%s\n' '    image: mysql:8.0.36'
+ DRONE_SSH_PREV_COMMAND_EXIT_CODE=0
+ '[' 0 -ne 0 ']'
+ printf '%s\n' '    restart: unless-stopped'
+ DRONE_SSH_PREV_COMMAND_EXIT_CODE=0
+ '[' 0 -ne 0 ']'
+ printf '%s\n' '    environment:'
+ DRONE_SSH_PREV_COMMAND_EXIT_CODE=0
+ '[' 0 -ne 0 ']'
+ printf '%s\n' '      MYSQL_ROOT_PASSWORD: "***pass"'
+ DRONE_SSH_PREV_COMMAND_EXIT_CODE=0
+ '[' 0 -ne 0 ']'
Writing nginx config...
+ printf '%s\n' '      MYSQL_DATABASE: "***"'
+ DRONE_SSH_PREV_COMMAND_EXIT_CODE=0
+ '[' 0 -ne 0 ']'
+ printf '%s\n' '      MYSQL_USER: "***"'
+ DRONE_SSH_PREV_COMMAND_EXIT_CODE=0
+ '[' 0 -ne 0 ']'
+ printf '%s\n' '      MYSQL_PASSWORD: "***"'
+ DRONE_SSH_PREV_COMMAND_EXIT_CODE=0
+ '[' 0 -ne 0 ']'
+ printf '%s\n' '    volumes:'
+ DRONE_SSH_PREV_COMMAND_EXIT_CODE=0
+ '[' 0 -ne 0 ']'
+ printf '%s\n' '      - mysql-data:/var/lib/mysql'
+ DRONE_SSH_PREV_COMMAND_EXIT_CODE=0
+ '[' 0 -ne 0 ']'
+ printf '%s\n' '    networks:'
+ DRONE_SSH_PREV_COMMAND_EXIT_CODE=0
+ '[' 0 -ne 0 ']'
+ printf '%s\n' '      - ***-net'
+ DRONE_SSH_PREV_COMMAND_EXIT_CODE=0
+ '[' 0 -ne 0 ']'
+ printf '%s\n' ''
+ DRONE_SSH_PREV_COMMAND_EXIT_CODE=0
+ '[' 0 -ne 0 ']'
+ printf '%s\n' '  api:'
+ DRONE_SSH_PREV_COMMAND_EXIT_CODE=0
+ '[' 0 -ne 0 ']'
+ printf '%s\n' '    image: "ghcr.io/anonyname5/***-api:stg-87d0717"'
+ DRONE_SSH_PREV_COMMAND_EXIT_CODE=0
+ '[' 0 -ne 0 ']'
+ printf '%s\n' '    restart: unless-stopped'
+ DRONE_SSH_PREV_COMMAND_EXIT_CODE=0
+ '[' 0 -ne 0 ']'
+ printf '%s\n' '    depends_on:'
+ DRONE_SSH_PREV_COMMAND_EXIT_CODE=0
+ '[' 0 -ne 0 ']'
+ printf '%s\n' '      - mysql'
+ DRONE_SSH_PREV_COMMAND_EXIT_CODE=0
+ '[' 0 -ne 0 ']'
+ printf '%s\n' '    environment:'
+ DRONE_SSH_PREV_COMMAND_EXIT_CODE=0
+ '[' 0 -ne 0 ']'
+ printf '%s\n' '      ASPNETCORE_ENVIRONMENT: "Development"'
+ DRONE_SSH_PREV_COMMAND_EXIT_CODE=0
+ '[' 0 -ne 0 ']'
+ printf '%s\n' '      DB_HOST: "mysql"'
+ DRONE_SSH_PREV_COMMAND_EXIT_CODE=0
+ '[' 0 -ne 0 ']'
+ printf '%s\n' '      DB_PORT: "3306"'
+ DRONE_SSH_PREV_COMMAND_EXIT_CODE=0
+ '[' 0 -ne 0 ']'
+ printf '%s\n' '      DB_NAME: "***"'
+ DRONE_SSH_PREV_COMMAND_EXIT_CODE=0
+ '[' 0 -ne 0 ']'
+ printf '%s\n' '      DB_USER: "***"'
+ DRONE_SSH_PREV_COMMAND_EXIT_CODE=0
+ '[' 0 -ne 0 ']'
+ printf '%s\n' '      DB_PASSWORD: "***"'
+ DRONE_SSH_PREV_COMMAND_EXIT_CODE=0
+ '[' 0 -ne 0 ']'
+ printf '%s\n' '      DB_SERVER_VERSION: "8.0.36-mysql"'
+ DRONE_SSH_PREV_COMMAND_EXIT_CODE=0
+ '[' 0 -ne 0 ']'
+ printf '%s\n' '      JWT_SECRET: "***"'
+ DRONE_SSH_PREV_COMMAND_EXIT_CODE=0
+ '[' 0 -ne 0 ']'
+ printf '%s\n' '      CORS_ALLOWED_ORIGINS: "***"'
+ DRONE_SSH_PREV_COMMAND_EXIT_CODE=0
+ '[' 0 -ne 0 ']'
+ printf '%s\n' '    expose:'
+ DRONE_SSH_PREV_COMMAND_EXIT_CODE=0
+ '[' 0 -ne 0 ']'
+ printf '%s\n' '      - "8080"'
+ DRONE_SSH_PREV_COMMAND_EXIT_CODE=0
+ '[' 0 -ne 0 ']'
+ printf '%s\n' '    networks:'
+ DRONE_SSH_PREV_COMMAND_EXIT_CODE=0
+ '[' 0 -ne 0 ']'
+ printf '%s\n' '      - ***-net'
+ DRONE_SSH_PREV_COMMAND_EXIT_CODE=0
+ '[' 0 -ne 0 ']'
+ printf '%s\n' ''
+ DRONE_SSH_PREV_COMMAND_EXIT_CODE=0
+ '[' 0 -ne 0 ']'
+ printf '%s\n' '  frontend:'
+ DRONE_SSH_PREV_COMMAND_EXIT_CODE=0
+ '[' 0 -ne 0 ']'
+ printf '%s\n' '    image: "ghcr.io/anonyname5/***-frontend:stg-87d0717"'
+ DRONE_SSH_PREV_COMMAND_EXIT_CODE=0
+ '[' 0 -ne 0 ']'
+ printf '%s\n' '    restart: unless-stopped'
+ DRONE_SSH_PREV_COMMAND_EXIT_CODE=0
+ '[' 0 -ne 0 ']'
+ printf '%s\n' '    depends_on:'
+ DRONE_SSH_PREV_COMMAND_EXIT_CODE=0
+ '[' 0 -ne 0 ']'
+ printf '%s\n' '      - api'
+ DRONE_SSH_PREV_COMMAND_EXIT_CODE=0
+ '[' 0 -ne 0 ']'
+ printf '%s\n' '    expose:'
+ DRONE_SSH_PREV_COMMAND_EXIT_CODE=0
+ '[' 0 -ne 0 ']'
+ printf '%s\n' '      - "80"'
+ DRONE_SSH_PREV_COMMAND_EXIT_CODE=0
+ '[' 0 -ne 0 ']'
+ printf '%s\n' '    networks:'
+ DRONE_SSH_PREV_COMMAND_EXIT_CODE=0
+ '[' 0 -ne 0 ']'
+ printf '%s\n' '      - ***-net'
+ DRONE_SSH_PREV_COMMAND_EXIT_CODE=0
+ '[' 0 -ne 0 ']'
+ printf '%s\n' ''
+ DRONE_SSH_PREV_COMMAND_EXIT_CODE=0
+ '[' 0 -ne 0 ']'
+ printf '%s\n' '  reverse-proxy:'
+ DRONE_SSH_PREV_COMMAND_EXIT_CODE=0
+ '[' 0 -ne 0 ']'
+ printf '%s\n' '    image: nginx:1.27-alpine'
+ DRONE_SSH_PREV_COMMAND_EXIT_CODE=0
+ '[' 0 -ne 0 ']'
+ printf '%s\n' '    restart: unless-stopped'
+ DRONE_SSH_PREV_COMMAND_EXIT_CODE=0
+ '[' 0 -ne 0 ']'
+ printf '%s\n' '    depends_on:'
+ DRONE_SSH_PREV_COMMAND_EXIT_CODE=0
+ '[' 0 -ne 0 ']'
+ printf '%s\n' '      - frontend'
+ DRONE_SSH_PREV_COMMAND_EXIT_CODE=0
+ '[' 0 -ne 0 ']'
+ printf '%s\n' '      - api'
+ DRONE_SSH_PREV_COMMAND_EXIT_CODE=0
+ '[' 0 -ne 0 ']'
+ printf '%s\n' '    ports:'
+ DRONE_SSH_PREV_COMMAND_EXIT_CODE=0
+ '[' 0 -ne 0 ']'
+ printf '%s\n' '      - "80:80"'
+ DRONE_SSH_PREV_COMMAND_EXIT_CODE=0
+ '[' 0 -ne 0 ']'
+ printf '%s\n' '    volumes:'
+ DRONE_SSH_PREV_COMMAND_EXIT_CODE=0
+ '[' 0 -ne 0 ']'
+ printf '%s\n' '      - ./nginx.default.conf:/etc/nginx/conf.d/default.conf:ro'
+ DRONE_SSH_PREV_COMMAND_EXIT_CODE=0
+ '[' 0 -ne 0 ']'
+ printf '%s\n' '    networks:'
+ DRONE_SSH_PREV_COMMAND_EXIT_CODE=0
+ '[' 0 -ne 0 ']'
+ printf '%s\n' '      - ***-net'
+ DRONE_SSH_PREV_COMMAND_EXIT_CODE=0
+ '[' 0 -ne 0 ']'
+ printf '%s\n' ''
+ DRONE_SSH_PREV_COMMAND_EXIT_CODE=0
+ '[' 0 -ne 0 ']'
+ printf '%s\n' networks:
+ DRONE_SSH_PREV_COMMAND_EXIT_CODE=0
+ '[' 0 -ne 0 ']'
+ printf '%s\n' '  ***-net:'
+ DRONE_SSH_PREV_COMMAND_EXIT_CODE=0
+ '[' 0 -ne 0 ']'
+ printf '%s\n' '    driver: bridge'
+ DRONE_SSH_PREV_COMMAND_EXIT_CODE=0
+ '[' 0 -ne 0 ']'
+ printf '%s\n' ''
+ DRONE_SSH_PREV_COMMAND_EXIT_CODE=0
+ '[' 0 -ne 0 ']'
+ printf '%s\n' volumes:
+ DRONE_SSH_PREV_COMMAND_EXIT_CODE=0
+ '[' 0 -ne 0 ']'
+ printf '%s\n' '  mysql-data:'
+ DRONE_SSH_PREV_COMMAND_EXIT_CODE=0
+ '[' 0 -ne 0 ']'
+ DRONE_SSH_PREV_COMMAND_EXIT_CODE=0
+ '[' 0 -ne 0 ']'
+ echo 'Writing nginx config...'
+ DRONE_SSH_PREV_COMMAND_EXIT_CODE=0
+ '[' 0 -ne 0 ']'
+ DRONE_SSH_PREV_COMMAND_EXIT_CODE=0
+ '[' 0 -ne 0 ']'
+ printf '%s\n' 'server {'
+ DRONE_SSH_PREV_COMMAND_EXIT_CODE=0
+ '[' 0 -ne 0 ']'
+ printf '%s\n' '    listen 80;'
+ DRONE_SSH_PREV_COMMAND_EXIT_CODE=0
+ '[' 0 -ne 0 ']'
+ printf '%s\n' '    server_name _;'
+ DRONE_SSH_PREV_COMMAND_EXIT_CODE=0
+ '[' 0 -ne 0 ']'
+ printf '%s\n' ''
+ DRONE_SSH_PREV_COMMAND_EXIT_CODE=0
+ '[' 0 -ne 0 ']'
+ printf '%s\n' '    client_max_body_size 10m;'
+ DRONE_SSH_PREV_COMMAND_EXIT_CODE=0
+ '[' 0 -ne 0 ']'
+ printf '%s\n' ''
+ DRONE_SSH_PREV_COMMAND_EXIT_CODE=0
+ '[' 0 -ne 0 ']'
+ printf '%s\n' '    location /api/ {'
+ DRONE_SSH_PREV_COMMAND_EXIT_CODE=0
+ '[' 0 -ne 0 ']'
+ printf '%s\n' '        proxy_pass http://api:8080/api/;'
+ DRONE_SSH_PREV_COMMAND_EXIT_CODE=0
+ '[' 0 -ne 0 ']'
+ printf '%s\n' '        proxy_http_version 1.1;'
+ DRONE_SSH_PREV_COMMAND_EXIT_CODE=0
+ '[' 0 -ne 0 ']'
+ printf '%s\n' '        proxy_set_header Host $host;'
Starting compose deploy...
+ DRONE_SSH_PREV_COMMAND_EXIT_CODE=0
Using docker-compose.
+ '[' 0 -ne 0 ']'
+ printf '%s\n' '        proxy_set_header X-Real-IP $remote_addr;'
+ DRONE_SSH_PREV_COMMAND_EXIT_CODE=0
+ '[' 0 -ne 0 ']'
+ printf '%s\n' '        proxy_set_header X-Forwarded-For $proxy_add_x_forwarded_for;'
+ DRONE_SSH_PREV_COMMAND_EXIT_CODE=0
+ '[' 0 -ne 0 ']'
+ printf '%s\n' '        proxy_set_header X-Forwarded-Proto $scheme;'
+ DRONE_SSH_PREV_COMMAND_EXIT_CODE=0
+ '[' 0 -ne 0 ']'
+ printf '%s\n' '    }'
+ DRONE_SSH_PREV_COMMAND_EXIT_CODE=0
+ '[' 0 -ne 0 ']'
+ printf '%s\n' ''
+ DRONE_SSH_PREV_COMMAND_EXIT_CODE=0
+ '[' 0 -ne 0 ']'
+ printf '%s\n' '    location / {'
+ DRONE_SSH_PREV_COMMAND_EXIT_CODE=0
+ '[' 0 -ne 0 ']'
+ printf '%s\n' '        proxy_pass http://frontend:80;'
+ DRONE_SSH_PREV_COMMAND_EXIT_CODE=0
+ '[' 0 -ne 0 ']'
+ printf '%s\n' '        proxy_http_version 1.1;'
+ DRONE_SSH_PREV_COMMAND_EXIT_CODE=0
+ '[' 0 -ne 0 ']'
+ printf '%s\n' '        proxy_set_header Host $host;'
+ DRONE_SSH_PREV_COMMAND_EXIT_CODE=0
+ '[' 0 -ne 0 ']'
+ printf '%s\n' '        proxy_set_header X-Real-IP $remote_addr;'
+ DRONE_SSH_PREV_COMMAND_EXIT_CODE=0
+ '[' 0 -ne 0 ']'
+ printf '%s\n' '        proxy_set_header X-Forwarded-For $proxy_add_x_forwarded_for;'
+ DRONE_SSH_PREV_COMMAND_EXIT_CODE=0
+ '[' 0 -ne 0 ']'
+ printf '%s\n' '        proxy_set_header X-Forwarded-Proto $scheme;'
+ DRONE_SSH_PREV_COMMAND_EXIT_CODE=0
+ '[' 0 -ne 0 ']'
+ printf '%s\n' '    }'
+ DRONE_SSH_PREV_COMMAND_EXIT_CODE=0
+ '[' 0 -ne 0 ']'
+ printf '%s\n' '}'
+ DRONE_SSH_PREV_COMMAND_EXIT_CODE=0
+ '[' 0 -ne 0 ']'
+ DRONE_SSH_PREV_COMMAND_EXIT_CODE=0
+ '[' 0 -ne 0 ']'
+ cd /opt/***
+ DRONE_SSH_PREV_COMMAND_EXIT_CODE=0
+ '[' 0 -ne 0 ']'
+ echo 'Starting compose deploy...'
+ DRONE_SSH_PREV_COMMAND_EXIT_CODE=0
+ '[' 0 -ne 0 ']'
+ echo 'Using docker-compose.'
+ DRONE_SSH_PREV_COMMAND_EXIT_CODE=0
+ '[' 0 -ne 0 ']'
+ docker-compose -f /opt/***/docker-compose.staging.yml pull
Pulling mysql         ... 
Pulling api           ... 
Pulling frontend      ... 
Pulling reverse-proxy ... 
Pulling api           ... pulling from anonyname5/***-...
Pulling api           ... already exists
Pulling api           ... already exists
Pulling frontend      ... pulling from anonyname5/***-...
Pulling frontend      ... already exists
Pulling api           ... already exists
Pulling frontend      ... already exists
Pulling api           ... already exists
Pulling frontend      ... already exists
Pulling api           ... already exists
Pulling frontend      ... already exists
Pulling api           ... already exists
Pulling frontend      ... already exists
Pulling api           ... pulling fs layer
Pulling api           ... pulling fs layer
Pulling frontend      ... already exists
Pulling frontend      ... already exists
Pulling frontend      ... already exists
Pulling frontend      ... pulling fs layer
Pulling frontend      ... pulling fs layer
Pulling frontend      ... waiting
Pulling mysql         ... pulling from library/mysql
Pulling api           ... downloading (100.0%)
Pulling api           ... verifying checksum
Pulling api           ... download complete
Pulling api           ... extracting (100.0%)
Pulling api           ... extracting (100.0%)
Pulling api           ... downloading (1.0%)
Pulling api           ... verifying checksum
Pulling api           ... download complete
Pulling reverse-proxy ... pulling from library/nginx
Pulling api           ... pull complete
Pulling frontend      ... downloading (100.0%)
Pulling frontend      ... verifying checksum
Pulling frontend      ... download complete
Pulling frontend      ... extracting (100.0%)
Pulling frontend      ... extracting (100.0%)
Pulling api           ... extracting (2.0%)
Pulling mysql         ... digest: sha256:a5327240***429812ec...
Pulling mysql         ... status: image is up to date for m...
Pulling mysql         ... done
Pulling api           ... extracting (21.5%)
Pulling reverse-proxy ... digest: sha256:65645c7bb6a0661892...
Pulling reverse-proxy ... status: image is up to date for n...
Pulling frontend      ... pull complete
Pulling reverse-proxy ... done
Pulling api           ... extracting (70.4%)
Pulling api           ... extracting (100.0%)
Pulling api           ... pull complete
Pulling api           ... digest: sha256:3955d6f7823d028b6e...
Pulling api           ... status: downloaded newer image fo...
Pulling api           ... done
Pulling frontend      ... downloading (1.4%)
Pulling frontend      ... downloading (100.0%)
Pulling frontend      ... verifying checksum
Pulling frontend      ... download complete
Pulling frontend      ... extracting (33.9%)
Pulling frontend      ... extracting (100.0%)
Pulling frontend      ... extracting (100.0%)
Pulling frontend      ... pull complete
Pulling frontend      ... digest: sha256:148a5d553344afa087...
Pulling frontend      ... status: downloaded newer image fo...
Pulling frontend      ... done
+ DRONE_SSH_PREV_COMMAND_EXIT_CODE=0
+ '[' 0 -ne 0 ']'
+ docker-compose -f /opt/***/docker-compose.staging.yml down --remove-orphans
Stopping ***_reverse-proxy_1 ... 
Stopping ***_frontend_1      ... 
Stopping ***_api_1           ... 
Stopping ***_mysql_1         ... 
Stopping ***_reverse-proxy_1 ... done
Stopping ***_frontend_1      ... done
Stopping ***_api_1           ... done
Stopping ***_mysql_1         ... done
Removing ***_reverse-proxy_1 ... 
Removing ***_frontend_1      ... 
Removing ***_api_1           ... 
Removing ***_mysql_1         ... 
Removing ***_mysql_1         ... done
Removing ***_api_1           ... done
Removing ***_frontend_1      ... done
Removing ***_reverse-proxy_1 ... done
Removing network ***_***-net
+ DRONE_SSH_PREV_COMMAND_EXIT_CODE=0
+ '[' 0 -ne 0 ']'
+ docker-compose -f /opt/***/docker-compose.staging.yml up -d
Creating network "***_***-net" with driver "bridge"
Creating ***_mysql_1 ... 
Creating ***_mysql_1 ... done
Creating ***_api_1   ... 
Creating ***_api_1   ... done
Creating ***_frontend_1 ... 
Creating ***_frontend_1 ... done
Creating ***_reverse-proxy_1 ... 
Creating ***_reverse-proxy_1 ... done
+ DRONE_SSH_PREV_COMMAND_EXIT_CODE=0
+ '[' 0 -ne 0 ']'
bash: -c: line 358: syntax error near unexpected token `;'
2026/03/10 03:35:29 Process exited with status 2
Error: Process completed with exit code 1.